[    0.000000] Linux version 4.15.0-197-generic (buildd@lcy02-amd64-110) (gcc version 7.5.0 (Ubuntu 7.5.0-3ubuntu1~18.04)) #208-Ubuntu SMP Tue Nov 1 17:23:37 UTC 2022 (Ubuntu 4.15.0-197.208-generic 4.15.18)
[    0.000000] Command line: BOOT_IMAGE=/boot/vmlinuz-4.15.0-197-generic root=LABEL=cloudimg-rootfs ro console=tty1 console=ttyS0
[    0.000000] KERNEL supported cpus:
[    0.000000]   Intel GenuineIntel
[    0.000000]   AMD AuthenticAMD
[    0.000000]   Centaur CentaurHauls
[    0.000000] x86/fpu: Supporting XSAVE feature 0x001: 'x87 floating point registers'
[    0.000000] x86/fpu: Supporting XSAVE feature 0x002: 'SSE registers'
[    0.000000] x86/fpu: Supporting XSAVE feature 0x004: 'AVX registers'
[    0.000000] x86/fpu: xstate_offset[2]:  576, xstate_sizes[2]:  256
[    0.000000] x86/fpu: Enabled xstate features 0x7, context size is 832 bytes, using 'standard' format.
[    0.000000] e820: BIOS-provided physical RAM map:
[    0.000000] BIOS-e820: [mem 0x0000000000000000-0x000000000009fbff] usable
[    0.000000] BIOS-e820: [mem 0x000000000009fc00-0x000000000009ffff] reserved
[    0.000000] BIOS-e820: [mem 0x00000000000f0000-0x00000000000fffff] reserved
[    0.000000] BIOS-e820: [mem 0x0000000000100000-0x000000003ffeffff] usable
[    0.000000] BIOS-e820: [mem 0x000000003fff0000-0x000000003fffffff] ACPI data
[    0.000000] BIOS-e820: [mem 0x00000000fec00000-0x00000000fec00fff] reserved
[    0.000000] BIOS-e820: [mem 0x00000000fee00000-0x00000000fee00fff] reserved
[    0.000000] BIOS-e820: [mem 0x00000000fffc0000-0x00000000ffffffff] reserved
[    0.000000] NX (Execute Disable) protection: active
[    0.000000] SMBIOS 2.5 present.
[    0.000000] DMI: innotek GmbH VirtualBox/VirtualBox, BIOS VirtualBox 12/01/2006
[    0.000000] Hypervisor detected: KVM
[    0.000000] e820: last_pfn = 0x3fff0 max_arch_pfn = 0x400000000
[    0.000000] MTRR: Disabled
[    0.000000] x86/PAT: MTRRs disabled, skipping PAT initialization too.
[    0.000000] CPU MTRRs all blank - virtualized system.
[    0.000000] x86/PAT: Configuration [0-7]: WB  WT  UC- UC  WB  WT  UC- UC  
[    0.000000] found SMP MP-table at [mem 0x0009fff0-0x0009ffff]
[    0.000000] Scanning 1 areas for low memory corruption
[    0.000000] RAMDISK: [mem 0x359c7000-0x36cdafff]
[    0.000000] ACPI: Early table checksum verification disabled
[    0.000000] ACPI: RSDP 0x00000000000E0000 000024 (v02 VBOX  )
[    0.000000] ACPI: XSDT 0x000000003FFF0030 00003C (v01 VBOX   VBOXXSDT 00000001 ASL  00000061)
[    0.000000] ACPI: FACP 0x000000003FFF00F0 0000F4 (v04 VBOX   VBOXFACP 00000001 ASL  00000061)
[    0.000000] ACPI: DSDT 0x000000003FFF0610 002353 (v02 VBOX   VBOXBIOS 00000002 INTL 20100528)
[    0.000000] ACPI: FACS 0x000000003FFF0200 000040
[    0.000000] ACPI: FACS 0x000000003FFF0200 000040
[    0.000000] ACPI: APIC 0x000000003FFF0240 00005C (v02 VBOX   VBOXAPIC 00000001 ASL  00000061)
[    0.000000] ACPI: SSDT 0x000000003FFF02A0 00036C (v01 VBOX   VBOXCPUT 00000002 INTL 20100528)
[    0.000000] ACPI: Reserving FACP table memory at [mem 0x3fff00f0-0x3fff01e3]
[    0.000000] ACPI: Reserving DSDT table memory at [mem 0x3fff0610-0x3fff2962]
[    0.000000] ACPI: Reserving FACS table memory at [mem 0x3fff0200-0x3fff023f]
[    0.000000] ACPI: Reserving FACS table memory at [mem 0x3fff0200-0x3fff023f]
[    0.000000] ACPI: Reserving APIC table memory at [mem 0x3fff0240-0x3fff029b]
[    0.000000] ACPI: Reserving SSDT table memory at [mem 0x3fff02a0-0x3fff060b]
[    0.000000] No NUMA configuration found
[    0.000000] Faking a node at [mem 0x0000000000000000-0x000000003ffeffff]
[    0.000000] NODE_DATA(0) allocated [mem 0x3ffc5000-0x3ffeffff]
[    0.000000] kvm-clock: cpu 0, msr 0:3ff44001, primary cpu clock
[    0.000000] kvm-clock: Using msrs 4b564d01 and 4b564d00
[    0.000000] kvm-clock: using sched offset of 7629012398 cycles
[    0.000000] clocksource: kvm-clock: mask: 0xffffffffffffffff max_cycles: 0x1cd42e4dffb, max_idle_ns: 881590591483 ns
[    0.000000] Zone ranges:
[    0.000000]   DMA      [mem 0x0000000000001000-0x0000000000ffffff]
[    0.000000]   DMA32    [mem 0x0000000001000000-0x000000003ffeffff]
[    0.000000]   Normal   empty
[    0.000000]   Device   empty
[    0.000000] Movable zone start for each node
[    0.000000] Early memory node ranges
[    0.000000]   node   0: [mem 0x0000000000001000-0x000000000009efff]
[    0.000000]   node   0: [mem 0x0000000000100000-0x000000003ffeffff]
[    0.000000] Reserved but unavailable: 104 pages
[    0.000000] Initmem setup node 0 [mem 0x0000000000001000-0x000000003ffeffff]
[    0.000000] ACPI: PM-Timer IO Port: 0x4008
[    0.000000] IOAPIC[0]: apic_id 2, version 32, address 0xfec00000, GSI 0-23
[    0.000000] ACPI: INT_SRC_OVR (bus 0 bus_irq 0 global_irq 2 dfl dfl)
[    0.000000] ACPI: INT_SRC_OVR (bus 0 bus_irq 9 global_irq 9 low level)
[    0.000000] Using ACPI (MADT) for SMP configuration information
[    0.000000] smpboot: Allowing 2 CPUs, 0 hotplug CPUs
[    0.000000] PM: Registered nosave memory: [mem 0x00000000-0x00000fff]
[    0.000000] PM: Registered nosave memory: [mem 0x0009f000-0x0009ffff]
[    0.000000] PM: Registered nosave memory: [mem 0x000a0000-0x000effff]
[    0.000000] PM: Registered nosave memory: [mem 0x000f0000-0x000fffff]
[    0.000000] e820: [mem 0x40000000-0xfebfffff] available for PCI devices
[    0.000000] Booting paravirtualized kernel on KVM
[    0.000000] clocksource: refined-jiffies: mask: 0xffffffff max_cycles: 0xffffffff, max_idle_ns: 7645519600211568 ns
[    0.000000] setup_percpu: NR_CPUS:8192 nr_cpumask_bits:2 nr_cpu_ids:2 nr_node_ids:1
[    0.000000] percpu: Embedded 50 pages/cpu s167936 r8192 d28672 u1048576
[    0.000000] PV qspinlock hash table entries: 256 (order: 0, 4096 bytes)
[    0.000000] Built 1 zonelists, mobility grouping on.  Total pages: 257913
[    0.000000] Policy zone: DMA32
[    0.000000] Kernel command line: BOOT_IMAGE=/boot/vmlinuz-4.15.0-197-generic root=LABEL=cloudimg-rootfs ro console=tty1 console=ttyS0
[    0.000000] Memory: 982644K/1048120K available (12300K kernel code, 2477K rwdata, 4320K rodata, 2472K init, 2720K bss, 65476K reserved, 0K cma-reserved)
[    0.000000] SLUB: HWalign=64, Order=0-3, MinObjects=0, CPUs=2, Nodes=1
[    0.000000] Kernel/User page tables isolation: enabled
[    0.000000] ftrace: allocating 39478 entries in 155 pages
[    0.004000] Hierarchical RCU implementation.
[    0.004000] 	RCU restricting CPUs from NR_CPUS=8192 to nr_cpu_ids=2.
[    0.004000] 	Tasks RCU enabled.
[    0.004000] RCU: Adjusting geometry for rcu_fanout_leaf=16, nr_cpu_ids=2
[    0.004000] NR_IRQS: 524544, nr_irqs: 440, preallocated irqs: 16
[    0.004000] random: crng init done
[    0.004000] Console: colour VGA+ 80x25
[    0.004000] console [tty1] enabled
[    0.004000] console [ttyS0] enabled
[    0.004000] ACPI: Core revision 20170831
[    0.004000] ACPI: 2 ACPI AML tables successfully acquired and loaded
[    0.004000] APIC: Switch to symmetric I/O mode setup
[    0.004000] x2apic enabled
[    0.004015] Switched APIC routing to physical x2apic.
[    0.008000] ..TIMER: vector=0x30 apic1=0 pin1=2 apic2=-1 pin2=-1
[    0.008009] tsc: Detected 2400.000 MHz processor
[    0.009949] Calibrating delay loop (skipped) preset value.. 4800.00 BogoMIPS (lpj=9600000)
[    0.012010] pid_max: default: 32768 minimum: 301
[    0.013961] Security Framework initialized
[    0.016010] Yama: becoming mindful.
[    0.017743] AppArmor: AppArmor initialized
[    0.024075] Dentry cache hash table entries: 131072 (order: 8, 1048576 bytes)
[    0.028121] Inode-cache hash table entries: 65536 (order: 7, 524288 bytes)
[    0.030780] Mount-cache hash table entries: 2048 (order: 2, 16384 bytes)
[    0.032023] Mountpoint-cache hash table entries: 2048 (order: 2, 16384 bytes)
[    0.036526] Last level iTLB entries: 4KB 64, 2MB 8, 4MB 8
[    0.040035] Last level dTLB entries: 4KB 64, 2MB 0, 4MB 0, 1GB 4
[    0.044009] Spectre V1 : Mitigation: usercopy/swapgs barriers and __user pointer sanitization
[    0.047217] Spectre V2 : Mitigation: Retpolines
[    0.048008] Spectre V2 : Spectre v2 / SpectreRSB mitigation: Filling RSB on context switch
[    0.051337] Speculative Store Bypass: Vulnerable
[    0.052156] MDS: Mitigation: Clear CPU buffers
[    0.053497] MMIO Stale Data: Mitigation: Clear CPU buffers
[    0.056007] SRBDS: Unknown: Dependent on hypervisor status
[    0.058062] Freeing SMP alternatives memory: 36K
[    0.172105] smpboot: CPU0: Intel(R) Core(TM) i3-7100U CPU @ 2.40GHz (family: 0x6, model: 0x8e, stepping: 0x9)
[    0.175088] Performance Events: unsupported p6 CPU model 142 no PMU driver, software events only.
[    0.176068] Hierarchical SRCU implementation.
[    0.178021] NMI watchdog: Perf event create on CPU 0 failed with -2
[    0.180004] NMI watchdog: Perf NMI watchdog permanently disabled
[    0.181969] smp: Bringing up secondary CPUs ...
[    0.184213] x86: Booting SMP configuration:
[    0.185720] .... node  #0, CPUs:      #1
[    0.004000] kvm-clock: cpu 1, msr 0:3ff44041, secondary cpu clock
[    0.195689] smp: Brought up 1 node, 2 CPUs
[    0.196009] smpboot: Max logical packages: 1
[    0.197507] smpboot: Total of 2 processors activated (9600.00 BogoMIPS)
[    0.200163] devtmpfs: initialized
[    0.201383] x86/mm: Memory block size: 128MB
[    0.202928] evm: security.selinux
[    0.204005] evm: security.SMACK64
[    0.205035] evm: security.SMACK64EXEC
[    0.206216] evm: security.SMACK64TRANSMUTE
[    0.208004] evm: security.SMACK64MMAP
[    0.209120] evm: security.apparmor
[    0.210226] evm: security.ima
[    0.212003] evm: security.capability
[    0.213171] clocksource: jiffies: mask: 0xffffffff max_cycles: 0xffffffff, max_idle_ns: 7645041785100000 ns
[    0.216021] futex hash table entries: 512 (order: 3, 32768 bytes)
[    0.217689] pinctrl core: initialized pinctrl subsystem
[    0.220107] RTC time:  7:19:50, date: 11/27/22
[    0.224183] NET: Registered protocol family 16
[    0.225601] audit: initializing netlink subsys (disabled)
[    0.227232] audit: type=2000 audit(1669533598.819:1): state=initialized audit_enabled=0 res=1
[    0.228019] cpuidle: using governor ladder
[    0.232011] cpuidle: using governor menu
[    0.233143] ACPI: bus type PCI registered
[    0.234234] acpiphp: ACPI Hot Plug PCI Controller Driver version: 0.5
[    0.236151] PCI: Using configuration type 1 for base access
[    0.240058] HugeTLB registered 2.00 MiB page size, pre-allocated 0 pages
[    0.244299] ACPI: Added _OSI(Module Device)
[    0.248030] ACPI: Added _OSI(Processor Device)
[    0.249866] ACPI: Added _OSI(3.0 _SCP Extensions)
[    0.252022] ACPI: Added _OSI(Processor Aggregator Device)
[    0.254157] ACPI: Added _OSI(Linux-Dell-Video)
[    0.256010] ACPI: Added _OSI(Linux-Lenovo-NV-HDMI-Audio)
[    0.258334] ACPI: Added _OSI(Linux-HPI-Hybrid-Graphics)
[    0.260459] ACPI: Executed 1 blocks of module-level executable AML code
[    0.273708] ACPI: Interpreter enabled
[    0.275247] ACPI: (supports S0 S5)
[    0.276130] ACPI: Using IOAPIC for interrupt routing
[    0.279831] PCI: Using host bridge windows from ACPI; if necessary, use "pci=nocrs" and report a bug
[    0.280380] ACPI: Enabled 2 GPEs in block 00 to 07
[    0.292920] ACPI: PCI Root Bridge [PCI0] (domain 0000 [bus 00-ff])
[    0.294595] acpi PNP0A03:00: _OSC: OS supports [ASPM ClockPM Segments MSI]
[    0.296848] acpi PNP0A03:00: _OSC: not requesting OS control; OS requires [ExtendedConfig ASPM ClockPM MSI]
[    0.300018] acpi PNP0A03:00: fail to add MMCONFIG information, can't access extended PCI configuration space under this bridge.
[    0.304570] PCI host bridge to bus 0000:00
[    0.305849] pci_bus 0000:00: root bus resource [io  0x0000-0x0cf7 window]
[    0.307652] pci_bus 0000:00: root bus resource [io  0x0d00-0xffff window]
[    0.308005] pci_bus 0000:00: root bus resource [mem 0x000a0000-0x000bffff window]
[    0.312005] pci_bus 0000:00: root bus resource [mem 0x40000000-0xfdffffff window]
[    0.314197] pci_bus 0000:00: root bus resource [bus 00-ff]
[    0.320420] pci 0000:00:01.1: legacy IDE quirk: reg 0x10: [io  0x01f0-0x01f7]
[    0.323478] pci 0000:00:01.1: legacy IDE quirk: reg 0x14: [io  0x03f6]
[    0.324011] pci 0000:00:01.1: legacy IDE quirk: reg 0x18: [io  0x0170-0x0177]
[    0.328011] pci 0000:00:01.1: legacy IDE quirk: reg 0x1c: [io  0x0376]
[    0.358514] pci 0000:00:07.0: quirk: [io  0x4000-0x403f] claimed by PIIX4 ACPI
[    0.360000] pci 0000:00:07.0: quirk: [io  0x4100-0x410f] claimed by PIIX4 SMB
[    0.371816] ACPI: PCI Interrupt Link [LNKA] (IRQs 5 9 10 *11)
[    0.372543] ACPI: PCI Interrupt Link [LNKB] (IRQs 5 9 *10 11)
[    0.376239] ACPI: PCI Interrupt Link [LNKC] (IRQs 5 *9 10 11)
[    0.380189] ACPI: PCI Interrupt Link [LNKD] (IRQs 5 9 10 *11)
[    0.382652] SCSI subsystem initialized
[    0.384061] pci 0000:00:02.0: vgaarb: setting as boot VGA device
[    0.385800] pci 0000:00:02.0: vgaarb: VGA device added: decodes=io+mem,owns=io+mem,locks=none
[    0.388007] pci 0000:00:02.0: vgaarb: bridge control possible
[    0.389691] vgaarb: loaded
[    0.392048] ACPI: bus type USB registered
[    0.393312] usbcore: registered new interface driver usbfs
[    0.394973] usbcore: registered new interface driver hub
[    0.396016] usbcore: registered new device driver usb
[    0.397561] EDAC MC: Ver: 3.0.0
[    0.400070] PCI: Using ACPI for IRQ routing
[    0.401683] NetLabel: Initializing
[    0.402766] NetLabel:  domain hash size = 128
[    0.404004] NetLabel:  protocols = UNLABELED CIPSOv4 CALIPSO
[    0.405666] NetLabel:  unlabeled traffic allowed by default
[    0.408132] clocksource: Switched to clocksource kvm-clock
[    0.433950] VFS: Disk quotas dquot_6.6.0
[    0.435274] VFS: Dquot-cache hash table entries: 512 (order 0, 4096 bytes)
[    0.437438] AppArmor: AppArmor Filesystem Enabled
[    0.438879] pnp: PnP ACPI init
[    0.441751] pnp: PnP ACPI: found 3 devices
[    0.453293] clocksource: acpi_pm: mask: 0xffffff max_cycles: 0xffffff, max_idle_ns: 2085701024 ns
[    0.456373] NET: Registered protocol family 2
[    0.457910] IP idents hash table entries: 16384 (order: 5, 131072 bytes)
[    0.465134] TCP established hash table entries: 8192 (order: 4, 65536 bytes)
[    0.467287] TCP bind hash table entries: 8192 (order: 5, 131072 bytes)
[    0.469286] TCP: Hash tables configured (established 8192 bind 8192)
[    0.471137] UDP hash table entries: 512 (order: 2, 16384 bytes)
[    0.472877] UDP-Lite hash table entries: 512 (order: 2, 16384 bytes)
[    0.475107] NET: Registered protocol family 1
[    0.476362] pci 0000:00:00.0: Limiting direct PCI/PCI transfers
[    0.478000] pci 0000:00:01.0: Activating ISA DMA hang workarounds
[    0.479701] pci 0000:00:02.0: Video device with shadowed ROM at [mem 0x000c0000-0x000dffff]
[    0.482280] Unpacking initramfs...
[    0.936036] Freeing initrd memory: 19536K
[    0.937871] clocksource: tsc: mask: 0xffffffffffffffff max_cycles: 0x22983777dd9, max_idle_ns: 440795300422 ns
[    0.940987] platform rtc_cmos: registered platform RTC device (no PNP device found)
[    0.943817] Scanning for low memory corruption every 60 seconds
[    0.946758] Initialise system trusted keyrings
[    0.948179] Key type blacklist registered
[    0.949936] workingset: timestamp_bits=36 max_order=18 bucket_order=0
[    0.953305] zbud: loaded
[    0.954913] squashfs: version 4.0 (2009/01/31) Phillip Lougher
[    0.957180] fuse init (API version 7.26)
[    0.962881] Key type asymmetric registered
[    0.964134] Asymmetric key parser 'x509' registered
[    0.965730] Block layer SCSI generic (bsg) driver version 0.4 loaded (major 246)
[    0.968150] io scheduler noop registered
[    0.969358] io scheduler deadline registered
[    0.970687] io scheduler cfq registered (default)
[    0.972669] ACPI: AC Adapter [AC] (on-line)
[    0.974017] input: Power Button as /devices/LNXSYSTM:00/LNXPWRBN:00/input/input0
[    0.976419] ACPI: Power Button [PWRF]
[    0.977667] input: Sleep Button as /devices/LNXSYSTM:00/LNXSLPBN:00/input/input1
[    0.979874] ACPI: Sleep Button [SLPF]
[    0.982578] ACPI: Battery Slot [BAT0] (battery present)
[    0.984483] Serial: 8250/16550 driver, 32 ports, IRQ sharing enabled
[    1.008060] 00:02: ttyS0 at I/O 0x3f8 (irq = 4, base_baud = 115200) is a 16550A
[    1.015584] Linux agpgart interface v0.103
[    1.023352] loop: module loaded
[    1.025379] scsi host0: ata_piix
[    1.026849] scsi host1: ata_piix
[    1.027882] ata1: PATA max UDMA/33 cmd 0x1f0 ctl 0x3f6 bmdma 0xd000 irq 14
[    1.030780] ata2: PATA max UDMA/33 cmd 0x170 ctl 0x376 bmdma 0xd008 irq 15
[    1.033218] tun: Universal TUN/TAP device driver, 1.6
[    1.035022] PPP generic driver version 2.4.2
[    1.036384] ehci_hcd: USB 2.0 'Enhanced' Host Controller (EHCI) Driver
[    1.038084] ehci-pci: EHCI PCI platform driver
[    1.039310] ehci-platform: EHCI generic platform driver
[    1.040756] ohci_hcd: USB 1.1 'Open' Host Controller (OHCI) Driver
[    1.042368] ohci-pci: OHCI PCI platform driver
[    1.043643] ohci-platform: OHCI generic platform driver
[    1.046194] uhci_hcd: USB Universal Host Controller Interface driver
[    1.048180] i8042: PNP: PS/2 Controller [PNP0303:PS2K,PNP0f03:PS2M] at 0x60,0x64 irq 1,12
[    1.051306] serio: i8042 KBD port at 0x60,0x64 irq 1
[    1.052848] serio: i8042 AUX port at 0x60,0x64 irq 12
[    1.054653] mousedev: PS/2 mouse device common for all mice
[    1.057326] rtc_cmos rtc_cmos: rtc core: registered rtc_cmos as rtc0
[    1.059315] rtc_cmos rtc_cmos: alarms up to one day, 114 bytes nvram
[    1.061552] input: AT Translated Set 2 keyboard as /devices/platform/i8042/serio0/input/input2
[    1.064150] i2c /dev entries driver
[    1.065453] device-mapper: uevent: version 1.0.3
[    1.067080] device-mapper: ioctl: 4.37.0-ioctl (2017-09-20) initialised: dm-devel@redhat.com
[    1.069739] ledtrig-cpu: registered to indicate activity on CPUs
[    1.072149] NET: Registered protocol family 10
[    1.078846] Segment Routing with IPv6
[    1.080085] NET: Registered protocol family 17
[    1.081499] Key type dns_resolver registered
[    1.083174] mce: Using 0 MCE banks
[    1.084286] RAS: Correctable Errors collector initialized.
[    1.085917] sched_clock: Marking stable (1084266132, 0)->(1400006615, -315740483)
[    1.088870] registered taskstats version 1
[    1.090140] Loading compiled-in X.509 certificates
[    1.095205] Loaded X.509 cert 'Build time autogenerated kernel key: ffc9dd3886e7b6bb89620497cc57c4262b59bc54'
[    1.098763] Loaded X.509 cert 'Canonical Ltd. Live Patch Signing: 14df34d1a87cf37625abec039ef2bf521249b969'
[    1.102468] Loaded X.509 cert 'Canonical Ltd. Kernel Module Signing: 88f752e560a1e0737e31163a466ad7b70a850c19'
[    1.106392] blacklist: Loading compiled-in revocation X.509 certificates
[    1.108788] Loaded X.509 cert 'Canonical Ltd. Secure Boot Signing: 61482aa2830d0ab2ad5af10b7250da9033ddcef0'
[    1.113354] zswap: loaded using pool lzo/zbud
[    1.123413] Key type big_key registered
[    1.125425] Key type trusted registered
[    1.131312] Key type encrypted registered
[    1.133399] AppArmor: AppArmor sha1 policy hashing enabled
[    1.135858] ima: No TPM chip found, activating TPM-bypass! (rc=-19)
[    1.139210] ima: Allocated hash algorithm: sha1
[    1.141665] evm: HMAC attrs: 0x1
[    1.143884]   Magic number: 14:73:320
[    1.145953] tty tty45: hash matches
[    1.147395] rtc_cmos rtc_cmos: setting system clock to 2022-11-27 07:19:51 UTC (1669533591)
[    1.151329] BIOS EDD facility v0.16 2004-Jun-25, 0 devices found
[    1.154202] EDD information not available.
[    1.226669] Freeing unused kernel image memory: 2472K
[    1.236384] Write protecting the kernel read-only data: 20480k
[    1.239938] Freeing unused kernel image memory: 2008K
[    1.242493] Freeing unused kernel image memory: 1824K
[    1.264719] x86/mm: Checked W+X mappings: passed, no W+X pages found.
[    1.268982] x86/mm: Checking user space page tables
[    1.292251] x86/mm: Checked W+X mappings: passed, no W+X pages found.
Loading, please wait...
starting version 237
[    1.463565] Fusion MPT base driver 3.04.20
[    1.467858] Copyright (c) 1999-2008 LSI Corporation
[    1.502146] e1000: Intel(R) PRO/1000 Network Driver - version 7.3.21-k8-NAPI
[    1.506892] e1000: Copyright (c) 1999-2006 Intel Corporation.
[    1.519763] Fusion MPT SPI Host driver 3.04.20
[    1.532369] mptbase: ioc0: Initiating bringup
[    1.534722] AVX2 version of gcm_enc/dec engaged.
[    1.536780] AES CTR mode by8 optimization enabled
[    1.857513] input: ImExPS/2 Generic Explorer Mouse as /devices/platform/i8042/serio1/input/input4
[    1.884376] ioc0: LSI53C1030 A0: Capabilities={Initiator}
[    4.641584] scsi host2: ioc0: LSI53C1030 A0, FwRev=00000000h, Ports=1, MaxQ=256, IRQ=20
[    8.045998] scsi 2:0:0:0: Direct-Access     VBOX     HARDDISK         1.0  PQ: 0 ANSI: 5
[    8.092568] scsi target2:0:0: Beginning Domain Validation
[    8.097642] scsi target2:0:0: Domain Validation skipping write tests
[    8.099576] scsi target2:0:0: Ending Domain Validation
[    8.101286] scsi target2:0:0: asynchronous
[    8.103051] scsi 2:0:1:0: Direct-Access     VBOX     HARDDISK         1.0  PQ: 0 ANSI: 5
[    8.428058] scsi target2:0:1: Beginning Domain Validation
[    8.431111] scsi target2:0:1: Domain Validation skipping write tests
[    8.433534] scsi target2:0:1: Ending Domain Validation
[    8.435547] scsi target2:0:1: asynchronous
[    8.445416] sd 2:0:0:0: Attached scsi generic sg0 type 0
[    8.449106] sd 2:0:1:0: Attached scsi generic sg1 type 0
[    8.456277] sd 2:0:0:0: [sda] 83886080 512-byte logical blocks: (42.9 GB/40.0 GiB)
[    8.459776] sd 2:0:1:0: [sdb] 20480 512-byte logical blocks: (10.5 MB/10.0 MiB)
[    8.464098] sd 2:0:0:0: [sda] Write Protect is off
[    8.466649] sd 2:0:1:0: [sdb] Write Protect is off
[    8.468970] sd 2:0:0:0: [sda] Incomplete mode parameter data
[    8.470877] sd 2:0:0:0: [sda] Assuming drive cache: write through
[    8.473208] sd 2:0:1:0: [sdb] Incomplete mode parameter data
[    8.475366] sd 2:0:1:0: [sdb] Assuming drive cache: write through
[    8.504984]  sda: sda1
[    8.506809] sd 2:0:0:0: [sda] Attached SCSI disk
[    8.541444] e1000 0000:00:03.0 eth0: (PCI:33MHz:32-bit) 02:a6:12:9f:2a:1a
[    8.542257] sd 2:0:1:0: [sdb] Attached SCSI disk
[    8.544798] e1000 0000:00:03.0 eth0: Intel(R) PRO/1000 Network Connection
[    8.550617] e1000 0000:00:03.0 enp0s3: renamed from eth0
Begin: Loading essential drivers ... [   10.788030] raid6: sse2x1   gen()  6052 MB/s
[   10.836770] raid6: sse2x1   xor()  5314 MB/s
[   10.884511] raid6: sse2x2   gen()  9281 MB/s
[   10.932299] raid6: sse2x2   xor()  6069 MB/s
[   10.980163] raid6: sse2x4   gen()  7672 MB/s
[   11.028037] raid6: sse2x4   xor()  4742 MB/s
[   11.076749] raid6: avx2x1   gen() 10427 MB/s
[   11.124218] raid6: avx2x1   xor()  8624 MB/s
[   11.172800] raid6: avx2x2   gen() 13413 MB/s
[   11.224141] raid6: avx2x2   xor()  9735 MB/s
[   11.272340] raid6: avx2x4   gen() 17832 MB/s
[   11.320767] raid6: avx2x4   xor()  8905 MB/s
[   11.323781] raid6: using algorithm avx2x4 gen() 17832 MB/s
[   11.325571] raid6: .... xor() 8905 MB/s, rmw enabled
[   11.326944] raid6: using avx2x2 recovery algorithm
[   11.330351] xor: automatically using best checksumming function   avx       
[   11.334148] async_tx: api initialized (async)
done.
Begin: Running /scripts/init-premount ... done.
Begin: Mounting root file system ... Begin: Running /scripts/local-top ... done.
Begin: Running /scripts/local-premount ... [   11.411735] Btrfs loaded, crc32c=crc32c-intel
Scanning for Btrfs filesystems
done.
Warning: fsck not present, so skipping root file system
[   11.665828] EXT4-fs (sda1): mounted filesystem with ordered data mode. Opts: (null)
done.
Begin: Running /scripts/local-bottom ... done.
Begin: Running /scripts/init-bottom ... done.
[   12.826221] ip_tables: (C) 2000-2006 Netfilter Core Team
[   12.885309] systemd[1]: systemd 237 running in system mode. (+PAM +AUDIT +SELINUX +IMA +APPARMOR +SMACK +SYSVINIT +UTMP +LIBCRYPTSETUP +GCRYPT +GNUTLS +ACL +XZ +LZ4 +SECCOMP +BLKID +ELFUTILS +KMOD -IDN2 +IDN -PCRE2 default-hierarchy=hybrid)
[   12.896798] systemd[1]: Detected virtualization oracle.
[   12.898589] systemd[1]: Detected architecture x86-64.

Welcome to [1mUbuntu 18.04.6 LTS[0m!

[   12.936335] systemd[1]: Set hostname to <ubuntu>.
[   12.961290] systemd[1]: Initializing machine ID from random generator.
[   12.964390] systemd[1]: Installed transient /etc/machine-id file.
[   15.035491] systemd[1]: Created slice User and Session Slice.
[[0;32m  OK  [0m] Created slice User and Session Slice.
[   15.049973] systemd[1]: Started Forward Password Requests to Wall Directory Watch.
[[0;32m  OK  [0m] Started Forward Password Requests to Wall Directory Watch.
[   15.064489] systemd[1]: Reached target User and Group Name Lookups.
[[0;32m  OK  [0m] Reached target User and Group Name Lookups.
[   15.067608] systemd[1]: Reached target Swap.
[[0;32m  OK  [0m] Reached target Swap.
[[0;32m  OK  [0m] Reached target System Time Synchronized.
[[0;32m  OK  [0m] Set up automount Arbitrary Executab…rmats File System Automount Point.
[[0;32m  OK  [0m] Created slice System Slice.
[[0;32m  OK  [0m] Listening on fsck to fsckd communication Socket.
[[0;32m  OK  [0m] Listening on /dev/initctl Compatibility Named Pipe.
[[0;32m  OK  [0m] Listening on Journal Socket.
[[0;32m  OK  [0m] Listening on Network Service Netlink Socket.
[[0;32m  OK  [0m] Listening on Syslog Socket.
         Mounting Kernel Debug File System...
[[0;32m  OK  [0m] Listening on LVM2 metadata daemon socket.
         Starting Set the console keyboard layout...
[[0;32m  OK  [0m] Listening on udev Control Socket.
         Mounting POSIX Message Queue File System...
         Mounting Huge Pages File System...
[[0;32m  OK  [0m] Listening on Journal Audit Socket.
[[0;32m  OK  [0m] Listening on LVM2 poll daemon socket.
[[0;32m  OK  [0m] Listening on udev Kernel Socket.
         Starting udev Coldplug all Devices...
         Starting Uncomplicated firewall...
         Starting Load Kernel Modules...
[[0;32m  OK  [0m] Created slice system-serial\x2dgetty.slice.
[[0;32m  OK  [0m] Listening on Journal Socket (/dev/log).
         Starting Journal Service...
[[0;32m  OK  [0m] Reached target Slices.
[[0;32m  OK  [0m] Listening on Device-mapper event daemon FIFOs.
         Starting File System Check on Root Device...
         Starting Monitoring of LVM2 mirrors…ng dmeventd or progress polling...
         Starting Create list of required st…ce nodes for the current kernel...
[[0;32m  OK  [0m] Mounted Kernel Debug File System.
[[0;32m  OK  [0m] Mounted POSIX Message Queue File System.
[[0;32m  OK  [0m] Mounted Huge Pages File System.
[[0;32m  OK  [0m] Started Uncomplicated firewall.
[[0;32m  OK  [0m] Started udev Coldplug all Devices.
[   15.570009] Loading iSCSI transport class v2.0-870.
[[0;32m  OK  [0m] Started LVM2 metadata daemon.
[[0;32m  OK  [0m] Started File System Check Daemon to report status.
[[0;32m  OK  [0m] Started Journal Service.
[[0;32m  OK  [0m] Started Create list of required sta…vice nodes for the current kernel.
         Starting Create Static Device Nodes in /dev...
[   15.854916] iscsi: registered transport (tcp)
[[0;32m  OK  [0m] Started File System Check on Root Device.
         Starting Remount Root and Kernel File Systems...
[   16.233933] iscsi: registered transport (iser)
[[0;32m  OK  [0m] Started Load Kernel Modules.
         Mounting FUSE Control File System...
         Mounting Kernel Configuration File System...
         Starting Apply Kernel Variables...
[[0;32m  OK  [0m] Mounted FUSE Control File System.
[[0;32m  OK  [0m] Mounted Kernel Configuration File System.
[[0;32m  OK  [0m] Started Monitoring of LVM2 mirrors,…sing dmeventd or progress polling.
[[0;32m  OK  [0m] Started Create Static Device Nodes in /dev.
[[0;32m  OK  [0m] Started Remount Root and Kernel File Systems.
         Starting Flush Journal to Persistent Storage...
         Starting Load/Save Random Seed...
         Starting udev Kernel Device Manager...
[[0;32m  OK  [0m] Started Apply Kernel Variables.
[[0;32m  OK  [0m] Started Load/Save Random Seed.
[[0;32m  OK  [0m] Started udev Kernel Device Manager.
[[0;32m  OK  [0m] Started Flush Journal to Persistent Storage.
[[0;32m  OK  [0m] Found device /dev/ttyS0.
[[0;32m  OK  [0m] Listening on Load/Save RF Kill Switch Status /dev/rfkill Watch.
         Mounting Arbitrary Executable File Formats File System...
[[0;32m  OK  [0m] Mounted Arbitrary Executable File Formats File System.
[[0;32m  OK  [0m] Started Set the console keyboard layout.
[[0;32m  OK  [0m] Reached target Local File Systems (Pre).
[[0;32m  OK  [0m] Reached target Local File Systems.
         Starting Set console font and keymap...
         Starting AppArmor initialization...
         Starting Commit a transient machine-id on disk...
         Starting ebtables ruleset management...
         Starting Tell Plymouth To Write Out Runtime Data...
         Starting Create Volatile Files and Directories...
[[0;32m  OK  [0m] Started Dispatch Password Requests to Console Directory Watch.
[[0;32m  OK  [0m] Reached target Local Encrypted Volumes.
[[0;32m  OK  [0m] Started Create Volatile Files and Directories.
         Starting Update UTMP about System Boot/Shutdown...
[[0;32m  OK  [0m] Started Tell Plymouth To Write Out Runtime Data.
[[0;32m  OK  [0m] Started Update UTMP about System Boot/Shutdown.
[[0;32m  OK  [0m] Started Commit a transient machine-id on disk.
[[0;32m  OK  [0m] Started ebtables ruleset management.
[[0;32m  OK  [0m] Started Set console font and keymap.
[[0;32m  OK  [0m] Started AppArmor initialization.
         Starting Initial cloud-init job (pre-networking)...
         Starting Load AppArmor profiles managed internally by snapd...
[[0;32m  OK  [0m] Started Load AppArmor profiles managed internally by snapd.
[   30.252653] cloud-init[830]: Cloud-init v. 22.3.4-0ubuntu1~18.04.1 running 'init-local' at Sun, 27 Nov 2022 07:20:19 +0000. Up 29.16 seconds.
[[0;32m  OK  [0m] Started Initial cloud-init job (pre-networking).
[[0;32m  OK  [0m] Reached target Network (Pre).
         Starting Network Service...
[[0;32m  OK  [0m] Started Network Service.
         Starting Wait for Network to be Configured...
         Starting Network Name Resolution...
[[0;32m  OK  [0m] Started Network Name Resolution.
[[0;32m  OK  [0m] Reached target Network.
[[0;32m  OK  [0m] Reached target Host and Network Name Lookups.
[[0;32m  OK  [0m] Started Wait for Network to be Configured.
         Starting Initial cloud-init job (metadata service crawler)...
[   33.124978] cloud-init[970]: Cloud-init v. 22.3.4-0ubuntu1~18.04.1 running 'init' at Sun, 27 Nov 2022 07:20:23 +0000. Up 32.73 seconds.
[   33.126831] cloud-init[970]: ci-info: ++++++++++++++++++++++++++++++++++++++Net device info++++++++++++++++++++++++++++++++++++++
[   33.140838] cloud-init[970]: ci-info: +--------+------+----------------------------+---------------+--------+-------------------+
[   33.142720] cloud-init[970]: ci-info: | Device |  Up  |          Address           |      Mask     | Scope  |     Hw-Address    |
[   33.145373] cloud-init[970]: ci-info: +--------+------+----------------------------+---------------+--------+-------------------+
[   33.147587] cloud-init[970]: ci-info: | enp0s3 | True |         10.0.2.15          | 255.255.255.0 | global | 02:a6:12:9f:2a:1a |
[   33.150401] cloud-init[970]: ci-info: | enp0s3 | True | fe80::a6:12ff:fe9f:2a1a/64 |       .       |  link  | 02:a6:12:9f:2a:1a |
[   33.153312] cloud-init[970]: ci-info: |   lo   | True |         127.0.0.1          |   255.0.0.0   |  host  |         .         |
[   33.155621] cloud-init[970]: ci-info: |   lo   | True |          ::1/128           |       .       |  host  |         .         |
[   33.158189] cloud-init[970]: ci-info: +--------+------+----------------------------+---------------+--------+-------------------+
[   33.160546] cloud-init[970]: ci-info: ++++++++++++++++++++++++++++Route IPv4 info+++++++++++++++++++++++++++++
[   33.162560] cloud-init[970]: ci-info: +-------+-------------+----------+-----------------+-----------+-------+
[   33.165102] cloud-init[970]: ci-info: | Route | Destination | Gateway  |     Genmask     | Interface | Flags |
[   33.176224] cloud-init[970]: ci-info: +-------+-------------+----------+-----------------+-----------+-------+
[   33.178233] cloud-init[970]: ci-info: |   0   |   0.0.0.0   | 10.0.2.2 |     0.0.0.0     |   enp0s3  |   UG  |
[   33.180627] cloud-init[970]: ci-info: |   1   |   10.0.2.0  | 0.0.0.0  |  255.255.255.0  |   enp0s3  |   U   |
[   33.182776] cloud-init[970]: ci-info: |   2   |   10.0.2.2  | 0.0.0.0  | 255.255.255.255 |   enp0s3  |   UH  |
[   33.185125] cloud-init[970]: ci-info: +-------+-------------+----------+-----------------+-----------+-------+
[   33.187501] cloud-init[970]: ci-info: +++++++++++++++++++Route IPv6 info+++++++++++++++++++
[   33.189579] cloud-init[970]: ci-info: +-------+-------------+---------+-----------+-------+
[   33.191313] cloud-init[970]: ci-info: | Route | Destination | Gateway | Interface | Flags |
[   33.193275] cloud-init[970]: ci-info: +-------+-------------+---------+-----------+-------+
[   33.195111] cloud-init[970]: ci-info: |   1   |  fe80::/64  |    ::   |   enp0s3  |   U   |
[   33.197097] cloud-init[970]: ci-info: |   3   |    local    |    ::   |   enp0s3  |   U   |
[   33.198833] cloud-init[970]: ci-info: |   4   |   ff00::/8  |    ::   |   enp0s3  |   U   |
[   33.200596] cloud-init[970]: ci-info: +-------+-------------+---------+-----------+-------+
[   35.871361] cloud-init[970]: Generating public/private rsa key pair.
[   35.873696] cloud-init[970]: Your identification has been saved in /etc/ssh/ssh_host_rsa_key.
[   35.876720] cloud-init[970]: Your public key has been saved in /etc/ssh/ssh_host_rsa_key.pub.
[   35.888351] cloud-init[970]: The key fingerprint is:
[   35.889446] cloud-init[970]: SHA256:OuaF9zmVp4dHz2DrLRuq48cH2ry+hA18kQpnofd3kG4 root@ubuntu-bionic
[   35.891131] cloud-init[970]: The key's randomart image is:
[   35.892343] cloud-init[970]: +---[RSA 2048]----+
[   35.893385] cloud-init[970]: |          .      |
[   35.894461] cloud-init[970]: |         . . . . |
[   35.895558] cloud-init[970]: |        o + o o  |
[   35.896739] cloud-init[970]: |         * o o . |
[   35.897871] cloud-init[970]: |        S + o.E .|
[   35.898820] cloud-init[970]: |       o   =+o=. |
[   35.899818] cloud-init[970]: |      = o .*oB.= |
[   35.900947] cloud-init[970]: |     o + .+oB.*oo|
[   35.902020] cloud-init[970]: |      .  .=*=Boo.|
[   35.903117] cloud-init[970]: +----[SHA256]-----+
[   35.904403] cloud-init[970]: Generating public/private dsa key pair.
[   35.905716] cloud-init[970]: Your identification has been saved in /etc/ssh/ssh_host_dsa_key.
[   35.907271] cloud-init[970]: Your public key has been saved in /etc/ssh/ssh_host_dsa_key.pub.
[   35.908948] cloud-init[970]: The key fingerprint is:
[   35.910095] cloud-init[970]: SHA256:B/fxHKlCsEEeX9xf7ywh+DTFtg3row6r1jkQthJTqnY root@ubuntu-bionic
[   35.911892] cloud-init[970]: The key's randomart image is:
[   35.913188] cloud-init[970]: +---[DSA 1024]----+
[   35.914248] cloud-init[970]: |       .=  ..o   |
[   35.915248] cloud-init[970]: |       ..* .. *..|
[   35.916288] cloud-init[970]: |       o+ +..oo*o|
[   35.917399] cloud-init[970]: |      + o+..+=+.+|
[   35.918565] cloud-init[970]: |     . +Soooo+o+ |
[   35.920411] cloud-init[970]: |    o E o. .. + o|
[   35.922256] cloud-init[970]: |   . . . o.. . o |
[   35.923956] cloud-init[970]: |        . +o.    |
[   35.925572] cloud-init[970]: |       ....o.    |
[   35.937164] cloud-init[970]: +----[SHA256]-----+
[   35.938858] cloud-init[970]: Generating public/private ecdsa key pair.
[   35.952829] cloud-init[970]: Your identification has been saved in /etc/ssh/ssh_host_ecdsa_key.
[   35.955812] cloud-init[970]: Your public key has been saved in /etc/ssh/ssh_host_ecdsa_key.pub.
[   35.958842] cloud-init[970]: The key fingerprint is:
[   35.960130] cloud-init[970]: SHA256:MSmgyXPOogz5vQN4Pbuvag/L1VOmX6HBy+QQwBNwML0 root@ubuntu-bionic
[   35.961541] cloud-init[970]: The key's randomart image is:
[   35.962703] cloud-init[970]: +---[ECDSA 256]---+[
[0;32m  OK  [0m[   35.965149] cloud-init[970]: |  +==.           |
[   35.965668] cloud-init[970]: | . =+o   .       |
[   35.966769] cloud-init[970]: |  = .oo +        |
[   35.967573] cloud-init[970]: | . =E  + o       |
[   35.968744] cloud-init[970]: |o...o . S .      |
[   35.969524] cloud-init[970]: |+oooo. O + .     |
[   35.970324] cloud-init[970]: |.oo.oo+ = .      |
[   35.971111] cloud-init[970]: | ..+o. o .       |
[   35.971892] cloud-init[970]: | .+o==. .        |
[   35.972133] cloud-init[970]: +----[SHA256]-----+
[   35.973049] cloud-init[970]: Generating public/private ed25519 key pair.
[   35.973350] cloud-init[970]: Your identification has been saved in /etc/ssh/ssh_host_ed25519_key.
[   35.975799] cloud-init[970]: Your public key has been saved in /etc/ssh/ssh_host_ed25519_key.pub.
[   35.977390] cloud-init[970]: The key fingerprint is:
] Started Initial cloud-init job (metadata service crawler).
[   35.978203] cloud-init[970]: SHA256:2i0+iNFiUf94qTgymTu/HOpjJ/T0kXeGCU6vo44sVZA root@ubuntu-bionic
[[   36.008211] cloud-init[970]: The key's randomart image is:
[   36.008415] cloud-init[970]: +--[ED25519 256]--+
[   36.009248] cloud-init[970]: |     .           |
[   36.010056] cloud-init[970]: |    E .          |
[   36.010849] cloud-init[970]: |     o .         |
[   36.011659] cloud-init[970]: |    . . +        |
[   36.012101] cloud-init[970]: |     + oS* +     |
[   36.012923] cloud-init[970]: |    * oo=.O o    |
[   36.013725] cloud-init[970]: |   + Oo+o*.o     |
[   36.014479] cloud-init[970]: |  ..@+*o*.       |
[   36.014833] cloud-init[970]: |   +*@*+.o       |
[   36.015488] cloud-init[970]: +----[SHA256]-----+
[0;32m  OK  [0m] Reached target Network is Online.
[[0;32m  OK  [0m] Reached target Remote File Systems (Pre).
[[0;32m  OK  [0m] Reached target Remote File Systems.
         Starting Availability of block devices...
[[0;32m  OK  [0m] Reached target System Initialization.
[[0;32m  OK  [0m] Started Daily Cleanup of Temporary Directories.
[[0;32m  OK  [0m] Started Discard unused blocks once a week.
[[0;32m  OK  [0m] Listening on Open-iSCSI iscsid Socket.
[[0;32m  OK  [0m] Started ACPI Events Check.
[[0;32m  OK  [0m] Reached target Paths.
[[0;32m  OK  [0m] Listening on cloud-init hotplug hook socket.
         Starting Socket activation for snappy daemon.
[[0;32m  OK  [0m] Started Daily apt download activities.
[[0;32m  OK  [0m] Started Daily apt upgrade and clean activities.
[[0;32m  OK  [0m] Started Message of the Day.
         Starting LXD - unix socket.
[[0;32m  OK  [0m] Listening on ACPID Listen Socket.
[[0;32m  OK  [0m] Started Ubuntu Advantage Timer for running repeated jobs.
[[0;32m  OK  [0m] Reached target Timers.
[[0;32m  OK  [0m] Listening on D-Bus System Message Bus Socket.
[[0;32m  OK  [0m] Listening on UUID daemon activation socket.
[[0;32m  OK  [0m] Reached target Cloud-config availability.
[[0;32m  OK  [0m] Started Availability of block devices.
[[0;32m  OK  [0m] Listening on Socket activation for snappy daemon.
[[0;32m  OK  [0m] Listening on LXD - unix socket.
[[0;32m  OK  [0m] Reached target Sockets.
[[0;32m  OK  [0m] Reached target Basic System.
         Starting Login Service...
         Starting LSB: Record successful boot for GRUB...
         Starting Permit User Sessions...
         Starting Pollinate to seed the pseudo random number generator...
[[0;32m  OK  [0m] Started FUSE filesystem for LXC.
         Starting Dispatcher daemon for systemd-networkd...
         Starting LXD - container startup/shutdown...
[[0;32m  OK  [0m] Started Regular background program processing daemon.
[[0;32m  OK  [0m] Reached target Login Prompts (Pre).
         Starting LSB: automatic crash report generation...
[[0;32m  OK  [0m] Started Deferred execution scheduler.
[[0;32m  OK  [0m] Started D-Bus System Message Bus.
         Starting Virtualbox guest utils...
         Starting System Logging Service...
[[0;32m  OK  [0m] Started irqbalance daemon.
         Starting Accounts Service...
         Starting Snap Daemon...
[[0;32m  OK  [0m] Started Permit User Sessions.
[[0;32m  OK  [0m] Started Login Service.
[[0;32m  OK  [0m] Started Unattended Upgrades Shutdown.
         Starting Hold until boot process finishes up...
         Starting Terminate Plymouth Boot Screen...
[[0;32m  OK  [0m] Started Hold until boot process finishes up.
         Starting Set console scheme...
[[0;32m  OK  [0m] Started Serial Getty on ttyS0.
[[0;32m  OK  [0m] Started Terminate Plymouth Boot Screen.
[[0;32m  OK  [0m] Started LSB: automatic crash report generation.
[[0;32m  OK  [0m] Started Set console scheme.
[[0;32m  OK  [0m] Created slice system-getty.slice.
[[0;32m  OK  [0m] Started Getty on tty1.
[[0;32m  OK  [0m] Reached target Login Prompts.
[[0;32m  OK  [0m] Started System Logging Service.
[[0;32m  OK  [0m] Started LSB: Record successful boot for GRUB.
         Starting Authorization Manager...
[[0;32m  OK  [0m] Started Virtualbox guest utils.
[[0;32m  OK  [0m] Started Dispatcher daemon for systemd-networkd.
[[0;32m  OK  [0m] Started Authorization Manager.
[[0;32m  OK  [0m] Started Accounts Service.
[[0;32m  OK  [0m] Started LXD - container startup/shutdown.

Ubuntu 18.04.6 LTS ubuntu-bionic ttyS0

ubuntu-bionic login: [   50.545544] cloud-init[1646]: Cloud-init v. 22.3.4-0ubuntu1~18.04.1 running 'modules:config' at Sun, 27 Nov 2022 07:20:37 +0000. Up 47.00 seconds.
ci-info: no authorized SSH keys fingerprints found for user ubuntu.
<14>Nov 27 07:20:43 cloud-init: #############################################################
<14>Nov 27 07:20:43 cloud-init: -----BEGIN SSH HOST KEY FINGERPRINTS-----
<14>Nov 27 07:20:43 cloud-init: 1024 SHA256:B/fxHKlCsEEeX9xf7ywh+DTFtg3row6r1jkQthJTqnY root@ubuntu-bionic (DSA)
<14>Nov 27 07:20:43 cloud-init: 256 SHA256:MSmgyXPOogz5vQN4Pbuvag/L1VOmX6HBy+QQwBNwML0 root@ubuntu-bionic (ECDSA)
<14>Nov 27 07:20:43 cloud-init: 256 SHA256:2i0+iNFiUf94qTgymTu/HOpjJ/T0kXeGCU6vo44sVZA root@ubuntu-bionic (ED25519)
<14>Nov 27 07:20:43 cloud-init: 2048 SHA256:OuaF9zmVp4dHz2DrLRuq48cH2ry+hA18kQpnofd3kG4 root@ubuntu-bionic (RSA)
<14>Nov 27 07:20:43 cloud-init: -----END SSH HOST KEY FINGERPRINTS-----
<14>Nov 27 07:20:43 cloud-init: #############################################################
-----BEGIN SSH HOST KEY KEYS-----
ecdsa-sha2-nistp256 AAAAE2VjZHNhLXNoYTItbmlzdHAyNTYAAAAIbmlzdHAyNTYAAABBBDr2vev0h3Z2Y626TX51/BI9taapVYGHqJc28vKRZT1GDvZ5M620ljU9vqwFtPGcEQlXZJkZ0kRMmDrYrOPMmOI= root@ubuntu-bionic
ssh-ed25519 AAAAC3NzaC1lZDI1NTE5AAAAIBkPaei1Q6vskFBgAhSLGisLDomRyNwWSP2NpYb6LgOT root@ubuntu-bionic
ssh-rsa AAAAB3NzaC1yc2EAAAADAQABAAABAQCumCXtw9/d04dbvE5XScb9YG38ZAy0bImAsSK9gt7+3pZGpJolnmMTBfVymlmL6OuXSZ/Qdv6tedIMBhTKTY6I+6Tx6iWfMgriKGjpwagbUf73IWKe+wUyiBJHHAEPDMxqJv22th5eEcChGKYpiU2UpQH9iHQ2EWsuIrUkjOLJnaHubHnKbO8RB7bcMdheVapba8Jgqo+FIbC+Z5o6XAl95Y7176F7r1rUKFaTdMMTMCFHye34KtLt91B1v7HYz2xf21do++fCIS77hu+4sAJ3ATnTrDccR+H1Dx8Yob9M5tKacN05TtIwpmeOmYY77KoUKyz05dt+VAtEwTIz5RoD root@ubuntu-bionic
-----END SSH HOST KEY KEYS-----
[   52.929517] cloud-init[1805]: Cloud-init v. 22.3.4-0ubuntu1~18.04.1 running 'modules:final' at Sun, 27 Nov 2022 07:20:42 +0000. Up 51.76 seconds.
[   52.931303] cloud-init[1805]: Cloud-init v. 22.3.4-0ubuntu1~18.04.1 finished at Sun, 27 Nov 2022 07:20:43 +0000. Datasource DataSourceNoCloud [seed=/dev/sdb][dsmode=net].  Up 52.89 seconds
